2025-06-28 16:00:18 - pipeline_balance - INFO - Starting balance step
2025-06-28 16:00:18 - pipeline_balance - INFO - 
🧠 STEP 9: DATASET BALANCING & AUGMENTATION (Temporally Consistent)
2025-06-28 16:00:18 - pipeline_balance - INFO - ================================================================================
2025-06-28 16:00:18 - pipeline_balance - INFO - Cleaned and created output directory: ../datasets/ADNI_1_5_T/9_balanced
2025-06-28 16:00:18 - pipeline_balance - INFO - Copying validation and test sets...
2025-06-28 16:00:19 - pipeline_balance - INFO - Analyzing training set and generating augmentation plan...
2025-06-28 16:00:19 - pipeline_balance - INFO - Current subject counts in train set: {'AD': 91, 'CN': 134}
2025-06-28 16:00:19 - pipeline_balance - INFO - Target subjects per class after balancing: 180
2025-06-28 16:00:19 - pipeline_balance - INFO - Executing augmentation and copying original training files...
2025-06-28 16:00:19 - pipeline_balance - INFO - 
--- Processing Plane: AXIAL ---
2025-06-28 16:00:23 - pipeline_balance - INFO - 
--- Processing Plane: CORONAL ---
2025-06-28 16:00:27 - pipeline_balance - INFO - 
--- Processing Plane: SAGITTAL ---
2025-06-28 16:00:31 - pipeline_balance - INFO - 
Augmentation log saved to ../datasets/ADNI_1_5_T/9_balanced/augmentation_log.json
2025-06-28 16:00:31 - pipeline_balance - INFO - ✅ Step 9: Data balancing complete!
2025-06-28 16:00:31 - pipeline_balance - INFO - Data balancing completed
